SF:pyamapping/__init__.py
DA:6,1
DA:8,1
DA:14,1
DA:16,1
DA:17,1
DA:21,1
DA:23,1
DA:25,1
DA:27,1
DA:28,1
DA:77,1
DA:125,1
DA:127,1
DA:128,1
DA:130,1
DA:131,0
DA:133,1
DA:135,1
DA:137,1
DA:138,0
DA:140,1
DA:143,0
DA:145,0
DA:146,0
DA:148,0
DA:150,1
DA:151,1
DA:156,1
DA:159,1
DA:162,1
DA:163,0
DA:165,1
DA:166,1
DA:171,1
DA:174,1
DA:176,1
DA:177,1
DA:178,1
DA:179,1
DA:180,1
DA:181,1
DA:183,0
DA:184,1
DA:188,1
DA:189,1
DA:190,1
DA:193,1
DA:194,1
DA:196,1
DA:234,1
DA:235,1
DA:237,1
DA:238,1
DA:239,1
DA:240,1
DA:241,1
DA:242,1
DA:243,1
DA:244,1
LF:59
LH:51
FN:125,156,register_numpy_ufunc
FNDA:1,register_numpy_ufunc
FN:130,131,register_numpy_ufunc.method1
FNDA:0,register_numpy_ufunc.method1
FN:159,171,register_chain_fn
FNDA:1,register_chain_fn
FN:162,163,register_chain_fn.method
FNDA:0,register_chain_fn.method
FN:174,184,_list_numpy_ufuncs
FNDA:1,_list_numpy_ufuncs
FNF:5
FNH:3
BRDA:128,0,jump to line 130,1
BRDA:128,0,jump to line 135,1
BRDA:135,0,jump to line 137,1
BRDA:135,0,jump to line 143,0
BRDA:177,0,jump to line 178,1
BRDA:177,0,jump to line 184,1
BRDA:179,0,jump to line 177,1
BRDA:179,0,jump to line 180,1
BRDA:180,0,jump to line 181,1
BRDA:180,0,jump to line 183,0
BRDA:188,0,jump to line 189,1
BRDA:188,0,jump to line 193,1
BRDA:234,0,jump to line 235,1
BRDA:234,0,jump to line 237,1
BRF:14
BRH:12
end_of_record
SF:pyamapping/chainable_array.py
DA:3,1
DA:5,1
DA:6,1
DA:8,1
DA:11,1
DA:14,1
DA:16,0
DA:17,0
DA:19,1
DA:21,0
DA:22,0
DA:24,1
DA:26,0
DA:28,1
DA:30,0
DA:32,0
DA:34,1
DA:36,0
DA:38,0
DA:39,0
DA:40,0
DA:41,0
DA:42,0
DA:44,0
DA:45,0
DA:46,0
DA:48,0
DA:50,0
DA:52,1
DA:66,0
DA:68,1
DA:88,0
DA:89,0
DA:90,0
DA:91,0
DA:96,1
DA:98,0
DA:99,0
DA:100,0
DA:105,1
DA:108,0
LF:41
LH:14
FN:14,17,ChainableArray.__new__
FNDA:0,ChainableArray.__new__
FN:19,22,ChainableArray.__array_finalize__
FNDA:0,ChainableArray.__array_finalize__
FN:24,26,ChainableArray.to_array
FNDA:0,ChainableArray.to_array
FN:28,32,ChainableArray.to_asig
FNDA:0,ChainableArray.to_asig
FN:34,50,ChainableArray.plot
FNDA:0,ChainableArray.plot
FN:52,66,ChainableArray.mapvec
FNDA:0,ChainableArray.mapvec
FN:68,94,ChainableArray.map
FNDA:0,ChainableArray.map
FN:96,102,ChainableArray.__getattr__
FNDA:0,ChainableArray.__getattr__
FN:105,108,chain
FNDA:0,chain
FNF:9
FNH:0
BRDA:21,0,jump to line 22,-
BRDA:21,0,return from function '__array_finalize__',-
BRDA:39,0,jump to line 40,-
BRDA:39,0,jump to line 44,-
BRDA:45,0,jump to line 46,-
BRDA:45,0,jump to line 48,-
BRDA:98,0,jump to line 99,-
BRDA:98,0,jump to line 100,-
BRF:8
BRH:0
end_of_record
SF:pyamapping/mappings.py
DA:3,1
DA:5,1
DA:6,1
DA:8,1
DA:11,1
DA:48,0
DA:49,0
DA:50,0
DA:51,0
DA:52,0
DA:53,0
DA:54,0
DA:55,0
DA:56,0
DA:58,0
DA:61,1
DA:98,0
DA:99,0
DA:100,0
DA:101,0
DA:102,0
DA:103,0
DA:104,0
DA:105,0
DA:106,0
DA:108,0
DA:111,1
DA:148,0
DA:150,0
DA:151,0
DA:152,0
DA:153,0
DA:154,0
DA:155,0
DA:156,0
DA:157,0
DA:159,0
DA:162,1
DA:206,0
DA:207,0
DA:209,0
DA:213,0
DA:214,0
DA:215,0
DA:216,0
DA:217,0
DA:218,0
DA:219,0
DA:221,0
DA:222,0
DA:225,1
DA:267,0
DA:268,0
DA:270,0
DA:271,0
DA:273,0
DA:274,0
DA:275,0
DA:276,0
DA:277,0
DA:278,0
DA:279,0
DA:281,0
DA:282,0
DA:285,1
DA:315,0
DA:316,0
DA:317,0
DA:318,0
DA:319,0
DA:320,0
DA:321,0
DA:322,0
DA:323,0
DA:324,0
DA:326,0
DA:329,1
DA:358,0
DA:360,0
DA:361,0
DA:364,1
DA:391,0
DA:394,1
DA:423,0
DA:426,1
DA:447,0
DA:448,0
DA:450,0
DA:451,0
DA:452,0
DA:453,0
DA:454,0
DA:457,1
DA:470,0
DA:473,1
DA:476,1
DA:489,0
DA:492,1
DA:495,1
DA:508,0
DA:511,1
DA:514,1
DA:527,0
DA:530,1
DA:533,1
DA:548,0
DA:551,1
DA:554,1
DA:569,0
DA:572,1
DA:575,1
DA:592,0
DA:593,0
DA:595,0
DA:596,0
DA:601,0
DA:604,1
DA:620,0
DA:621,0
DA:623,0
DA:624,0
DA:629,0
DA:632,1
DA:645,0
DA:648,1
DA:651,1
DA:664,0
DA:667,1
DA:670,1
DA:684,0
DA:687,1
DA:701,0
DA:702,0
DA:703,0
DA:704,0
DA:705,0
DA:706,0
DA:709,1
DA:722,0
DA:723,0
DA:726,1
DA:747,0
DA:750,1
DA:767,0
DA:770,1
DA:785,0
DA:786,0
DA:789,1
DA:807,0
DA:810,1
DA:828,0
DA:829,0
DA:830,0
DA:831,0
DA:834,1
DA:845,0
DA:848,1
DA:860,0
DA:861,0
DA:864,1
DA:876,0
DA:877,0
DA:880,1
DA:895,0
DA:896,0
DA:898,0
DA:899,0
DA:900,0
DA:901,0
DA:904,1
DA:923,0
DA:924,0
DA:928,0
DA:931,1
DA:951,0
DA:952,0
DA:956,0
DA:957,0
DA:960,1
DA:985,0
DA:986,0
DA:987,0
LF:182
LH:47
FN:11,58,linlin
FNDA:0,linlin
FN:61,108,linexp
FNDA:0,linexp
FN:111,159,explin
FNDA:0,explin
FN:162,222,lincurve
FNDA:0,lincurve
FN:225,282,curvelin
FNDA:0,curvelin
FN:285,326,linpoly
FNDA:0,linpoly
FN:329,361,interp_spline
FNDA:0,interp_spline
FN:364,391,interp
FNDA:0,interp
FN:394,423,bilin
FNDA:0,bilin
FN:426,454,clip
FNDA:0,clip
FN:457,470,midi_to_cps
FNDA:0,midi_to_cps
FN:476,489,cps_to_midi
FNDA:0,cps_to_midi
FN:495,508,midi_to_ratio
FNDA:0,midi_to_ratio
FN:514,527,ratio_to_midi
FNDA:0,ratio_to_midi
FN:533,548,cps_to_octave
FNDA:0,cps_to_octave
FN:554,569,octave_to_cps
FNDA:0,octave_to_cps
FN:575,601,hz_to_mel
FNDA:0,hz_to_mel
FN:604,629,mel_to_hz
FNDA:0,mel_to_hz
FN:632,645,db_to_amp
FNDA:0,db_to_amp
FN:651,664,amp_to_db
FNDA:0,amp_to_db
FN:670,684,distort
FNDA:0,distort
FN:687,706,softclip
FNDA:0,softclip
FN:709,723,scurve
FNDA:0,scurve
FN:726,747,lcurve
FNDA:0,lcurve
FN:750,767,fermi
FNDA:0,fermi
FN:770,786,normalize
FNDA:0,normalize
FN:789,807,wrap
FNDA:0,wrap
FN:810,831,fold
FNDA:0,fold
FN:834,845,remove_dc
FNDA:0,remove_dc
FN:848,861,norm_peak
FNDA:0,norm_peak
FN:864,877,norm_rms
FNDA:0,norm_rms
FN:880,901,gain
FNDA:0,gain
FN:904,928,lin_to_ecdf
FNDA:0,lin_to_ecdf
FN:931,957,ecdf_to_lin
FNDA:0,ecdf_to_lin
FN:960,987,ecdf
FNDA:0,ecdf
FNF:35
FNH:0
BRDA:49,0,jump to line 50,-
BRDA:49,0,jump to line 51,-
BRDA:51,0,jump to line 52,-
BRDA:51,0,jump to line 53,-
BRDA:53,0,jump to line 54,-
BRDA:53,0,jump to line 55,-
BRDA:55,0,jump to line 56,-
BRDA:55,0,jump to line 58,-
BRDA:99,0,jump to line 100,-
BRDA:99,0,jump to line 101,-
BRDA:101,0,jump to line 102,-
BRDA:101,0,jump to line 103,-
BRDA:103,0,jump to line 104,-
BRDA:103,0,jump to line 105,-
BRDA:105,0,jump to line 106,-
BRDA:105,0,jump to line 108,-
BRDA:150,0,jump to line 151,-
BRDA:150,0,jump to line 152,-
BRDA:152,0,jump to line 153,-
BRDA:152,0,jump to line 154,-
BRDA:154,0,jump to line 155,-
BRDA:154,0,jump to line 156,-
BRDA:156,0,jump to line 157,-
BRDA:156,0,jump to line 159,-
BRDA:206,0,jump to line 207,-
BRDA:206,0,jump to line 209,-
BRDA:213,0,jump to line 214,-
BRDA:213,0,jump to line 215,-
BRDA:215,0,jump to line 216,-
BRDA:215,0,jump to line 222,-
BRDA:216,0,jump to line 217,-
BRDA:216,0,jump to line 218,-
BRDA:218,0,jump to line 219,-
BRDA:218,0,jump to line 221,-
BRDA:267,0,jump to line 268,-
BRDA:267,0,jump to line 270,-
BRDA:273,0,jump to line 274,-
BRDA:273,0,jump to line 275,-
BRDA:275,0,jump to line 276,-
BRDA:275,0,jump to line 282,-
BRDA:276,0,jump to line 277,-
BRDA:276,0,jump to line 278,-
BRDA:278,0,jump to line 279,-
BRDA:278,0,jump to line 281,-
BRDA:317,0,jump to line 318,-
BRDA:317,0,jump to line 319,-
BRDA:319,0,jump to line 320,-
BRDA:319,0,jump to line 321,-
BRDA:321,0,jump to line 322,-
BRDA:321,0,jump to line 323,-
BRDA:323,0,jump to line 324,-
BRDA:323,0,jump to line 326,-
BRDA:447,0,jump to line 448,-
BRDA:447,0,jump to line 450,-
BRDA:450,0,jump to line 451,-
BRDA:450,0,jump to line 452,-
BRDA:452,0,jump to line 453,-
BRDA:452,0,jump to line 454,-
BRDA:592,0,jump to line 593,-
BRDA:592,0,jump to line 595,-
BRDA:620,0,jump to line 621,-
BRDA:620,0,jump to line 623,-
BRDA:828,0,jump to line 829,-
BRDA:828,0,jump to line 830,-
BRDA:895,0,jump to line 896,-
BRDA:895,0,jump to line 898,-
BRDA:899,0,jump to line 900,-
BRDA:899,0,jump to line 901,-
BRDA:923,0,jump to line 924,-
BRDA:923,0,jump to line 928,-
BRDA:951,0,jump to line 952,-
BRDA:951,0,jump to line 956,-
BRF:72
BRH:0
end_of_record
